<?xml version="1.0" encoding="UTF-8"?>
<testsuite name="ru.ext.sandbox.PointTests" tests="2" skipped="0" failures="0" errors="0" timestamp="2020-04-19T14:09:47" hostname="DESKTOP-QPTEID5" time="0.008">
  <properties/>
  <testcase name="test1" classname="ru.ext.sandbox.PointTests" time="0.005"/>
  <testcase name="test2" classname="ru.ext.sandbox.PointTests" time="0.0"/>
  <system-out><![CDATA[]]></system-out>
  <system-err><![CDATA[]]></system-err>
</testsuite>
